Running ECE 358 Lab 1
QUESTION 1
The random variable mean is: 0.013790521789931537
QUESTION 3
Running Simulation at Rho: 0.35
this is the value for sim.En: 0.5321958896922971
this is the value for sim.En: 0.6502360803813781
Running Simulation at Rho: 0.45
this is the value for sim.En: 0.8379815845786385
this is the value for sim.En: 0.5459719595464514
Running Simulation at Rho: 0.55
this is the value for sim.En: 1.2216275489455644
this is the value for sim.En: 0.4533129030384012
Running Simulation at Rho: 0.65
this is the value for sim.En: 1.8489381109097855
this is the value for sim.En: 0.35022618299251806
Running Simulation at Rho: 0.75
this is the value for sim.En: 3.067869053653851
this is the value for sim.En: 0.2421013313412129
Running Simulation at Rho: 0.85
this is the value for sim.En: 5.251452556121486
this is the value for sim.En: 0.14964629315223543
Preparing Graphs
QUESTION 4
Running Simulation at Rho: 1.2
Average number of packets: 4954.940213870168
P_idle: 3.3396341096869426e-06
QUESTION 6
Running Simulation at K: 10, Rho: 0.6
63 packets lost
this is the value for sim.En: 1.4411896228367005
this is the value for sim.p_loss: 0.00042047934645495866
Running Simulation at K: 10, Rho: 0.7
300 packets lost
this is the value for sim.En: 2.0969100483267984
this is the value for sim.p_loss: 0.0017096744779793928
Running Simulation at K: 10, Rho: 0.8
985 packets lost
this is the value for sim.En: 2.9917348359694347
this is the value for sim.p_loss: 0.004916175465040253
Running Simulation at K: 10, Rho: 0.9
2512 packets lost
this is the value for sim.En: 3.9725979928296304
this is the value for sim.p_loss: 0.011159831714002656
Running Simulation at K: 10, Rho: 1
4389 packets lost
this is the value for sim.En: 4.983988787733974
this is the value for sim.p_loss: 0.01762558581278889
Running Simulation at K: 10, Rho: 1.1
7825 packets lost
this is the value for sim.En: 5.981011463543898
this is the value for sim.p_loss: 0.028404759657618284
Running Simulation at K: 10, Rho: 1.2
11354 packets lost
this is the value for sim.En: 6.664288643159793
this is the value for sim.p_loss: 0.03785057789304895
Running Simulation at K: 10, Rho: 1.3
15734 packets lost
this is the value for sim.En: 7.255567755766138
this is the value for sim.p_loss: 0.04839280167071119
Running Simulation at K: 10, Rho: 1.4
20152 packets lost
this is the value for sim.En: 7.7076486879674855
this is the value for sim.p_loss: 0.05759738422359858
Running Simulation at K: 25, Rho: 0.6
0 packets lost
this is the value for sim.En: 1.4562812134735947
this is the value for sim.p_loss: 0.0
Running Simulation at K: 25, Rho: 0.7
0 packets lost
this is the value for sim.En: 2.2687684863820547
this is the value for sim.p_loss: 0.0
Running Simulation at K: 25, Rho: 0.8
10 packets lost
this is the value for sim.En: 3.7349014780789975
this is the value for sim.p_loss: 5.003652666446506e-05
Running Simulation at K: 25, Rho: 0.9
414 packets lost
this is the value for sim.En: 7.70337072644813
this is the value for sim.p_loss: 0.0018444101896980334
Running Simulation at K: 25, Rho: 1
1871 packets lost
this is the value for sim.En: 12.627785788672595
this is the value for sim.p_loss: 0.007494192101257711
Running Simulation at K: 25, Rho: 1.1
5216 packets lost
this is the value for sim.En: 16.99190370319158
this is the value for sim.p_loss: 0.0189799029899897
Running Simulation at K: 25, Rho: 1.2
9827 packets lost
this is the value for sim.En: 20.121893807676877
this is the value for sim.p_loss: 0.0328574294503143
Running Simulation at K: 25, Rho: 1.3
15127 packets lost
this is the value for sim.En: 21.5473703325249
this is the value for sim.p_loss: 0.04655779482191882
Running Simulation at K: 25, Rho: 1.4
20041 packets lost
this is the value for sim.En: 22.406686907519486
this is the value for sim.p_loss: 0.05724086519649146
Running Simulation at K: 50, Rho: 0.6
0 packets lost
this is the value for sim.En: 1.485931141572071
this is the value for sim.p_loss: 0.0
Running Simulation at K: 50, Rho: 0.7
0 packets lost
this is the value for sim.En: 2.3004960939727432
this is the value for sim.p_loss: 0.0
Running Simulation at K: 50, Rho: 0.8
0 packets lost
this is the value for sim.En: 3.8193910184450663
this is the value for sim.p_loss: 0.0
Running Simulation at K: 50, Rho: 0.9
32 packets lost
this is the value for sim.En: 9.029829191994597
this is the value for sim.p_loss: 0.0001421918879527923
Running Simulation at K: 50, Rho: 1
894 packets lost
this is the value for sim.En: 24.275476646908313
this is the value for sim.p_loss: 0.0035853793523858415
Running Simulation at K: 50, Rho: 1.1
5178 packets lost
this is the value for sim.En: 40.72803750158368
this is the value for sim.p_loss: 0.01874355215290221
Running Simulation at K: 50, Rho: 1.2
9461 packets lost
this is the value for sim.En: 44.993852370204664
this is the value for sim.p_loss: 0.03154160818528236
Running Simulation at K: 50, Rho: 1.3
15526 packets lost
this is the value for sim.En: 46.62029178659904
this is the value for sim.p_loss: 0.0478989081911884
Running Simulation at K: 50, Rho: 1.4
19956 packets lost
this is the value for sim.En: 47.48718965699268
this is the value for sim.p_loss: 0.05694246687914992
Preparing Graphs
